[0.016s] Invoking command in '/home/viking/hunker/sw/ros_ws/build/bno08x_ros2_driver': CMAKE_PREFIX_PATH=${CMAKE_PREFIX_PATH}:/opt/ros/jazzy DEBUGINFOD_URLS=https://debuginfod.ubuntu.com /usr/bin/cmake --build /home/viking/hunker/sw/ros_ws/build/bno08x_ros2_driver -- -j4 -l4
[0.144s] [ 31%] Built target sh2_library
[0.157s] [ 43%] Built target gmock_main
[0.199s] [ 62%] Built target gmock
[0.261s] [ 87%] Built target bno08x_driver
[0.284s] [100%] Built target test_i2c_mock
[0.309s] Invoked command in '/home/viking/hunker/sw/ros_ws/build/bno08x_ros2_driver' returned '0': CMAKE_PREFIX_PATH=${CMAKE_PREFIX_PATH}:/opt/ros/jazzy DEBUGINFOD_URLS=https://debuginfod.ubuntu.com /usr/bin/cmake --build /home/viking/hunker/sw/ros_ws/build/bno08x_ros2_driver -- -j4 -l4
[0.333s] Invoking command in '/home/viking/hunker/sw/ros_ws/build/bno08x_ros2_driver': CMAKE_PREFIX_PATH=${CMAKE_PREFIX_PATH}:/opt/ros/jazzy DEBUGINFOD_URLS=https://debuginfod.ubuntu.com /usr/bin/cmake --install /home/viking/hunker/sw/ros_ws/build/bno08x_ros2_driver
[0.351s] -- Install configuration: ""
[0.351s] -- Up-to-date: /home/viking/hunker/sw/ros_ws/install/bno08x_ros2_driver/lib/bno08x_ros2_driver/bno08x_driver
[0.351s] -- Up-to-date: /home/viking/hunker/sw/ros_ws/install/bno08x_ros2_driver/share/bno08x_ros2_driver/config
[0.351s] -- Up-to-date: /home/viking/hunker/sw/ros_ws/install/bno08x_ros2_driver/share/bno08x_ros2_driver/config/bno085_i2c.yaml
[0.351s] -- Installing: /home/viking/hunker/sw/ros_ws/install/bno08x_ros2_driver/share/bno08x_ros2_driver/config/bno085_uart.yaml
[0.352s] -- Up-to-date: /home/viking/hunker/sw/ros_ws/install/bno08x_ros2_driver/share/bno08x_ros2_driver/launch
[0.352s] -- Up-to-date: /home/viking/hunker/sw/ros_ws/install/bno08x_ros2_driver/share/bno08x_ros2_driver/launch/bno085_i2c.launch.py
[0.352s] -- Up-to-date: /home/viking/hunker/sw/ros_ws/install/bno08x_ros2_driver/share/bno08x_ros2_driver/launch/bno085_uart.launch.py
[0.352s] -- Up-to-date: /home/viking/hunker/sw/ros_ws/install/bno08x_ros2_driver/share/ament_index/resource_index/package_run_dependencies/bno08x_ros2_driver
[0.352s] -- Up-to-date: /home/viking/hunker/sw/ros_ws/install/bno08x_ros2_driver/share/ament_index/resource_index/parent_prefix_path/bno08x_ros2_driver
[0.352s] -- Up-to-date: /home/viking/hunker/sw/ros_ws/install/bno08x_ros2_driver/share/bno08x_ros2_driver/environment/ament_prefix_path.sh
[0.352s] -- Up-to-date: /home/viking/hunker/sw/ros_ws/install/bno08x_ros2_driver/share/bno08x_ros2_driver/environment/ament_prefix_path.dsv
[0.352s] -- Up-to-date: /home/viking/hunker/sw/ros_ws/install/bno08x_ros2_driver/share/bno08x_ros2_driver/environment/path.sh
[0.352s] -- Up-to-date: /home/viking/hunker/sw/ros_ws/install/bno08x_ros2_driver/share/bno08x_ros2_driver/environment/path.dsv
[0.352s] -- Up-to-date: /home/viking/hunker/sw/ros_ws/install/bno08x_ros2_driver/share/bno08x_ros2_driver/local_setup.bash
[0.353s] -- Up-to-date: /home/viking/hunker/sw/ros_ws/install/bno08x_ros2_driver/share/bno08x_ros2_driver/local_setup.sh
[0.353s] -- Up-to-date: /home/viking/hunker/sw/ros_ws/install/bno08x_ros2_driver/share/bno08x_ros2_driver/local_setup.zsh
[0.353s] -- Up-to-date: /home/viking/hunker/sw/ros_ws/install/bno08x_ros2_driver/share/bno08x_ros2_driver/local_setup.dsv
[0.353s] -- Installing: /home/viking/hunker/sw/ros_ws/install/bno08x_ros2_driver/share/bno08x_ros2_driver/package.dsv
[0.353s] -- Up-to-date: /home/viking/hunker/sw/ros_ws/install/bno08x_ros2_driver/share/ament_index/resource_index/packages/bno08x_ros2_driver
[0.353s] -- Up-to-date: /home/viking/hunker/sw/ros_ws/install/bno08x_ros2_driver/share/bno08x_ros2_driver/cmake/bno08x_ros2_driverConfig.cmake
[0.353s] -- Up-to-date: /home/viking/hunker/sw/ros_ws/install/bno08x_ros2_driver/share/bno08x_ros2_driver/cmake/bno08x_ros2_driverConfig-version.cmake
[0.353s] -- Up-to-date: /home/viking/hunker/sw/ros_ws/install/bno08x_ros2_driver/share/bno08x_ros2_driver/package.xml
[0.356s] Invoked command in '/home/viking/hunker/sw/ros_ws/build/bno08x_ros2_driver' returned '0': CMAKE_PREFIX_PATH=${CMAKE_PREFIX_PATH}:/opt/ros/jazzy DEBUGINFOD_URLS=https://debuginfod.ubuntu.com /usr/bin/cmake --install /home/viking/hunker/sw/ros_ws/build/bno08x_ros2_driver
