-- The C compiler identification is GNU 13.3.0
-- The CXX compiler identification is GNU 13.3.0
-- Detecting C compiler ABI info
-- Detecting C compiler ABI info - done
-- Check for working C compiler: /usr/bin/cc - skipped
-- Detecting C compile features
-- Detecting C compile features - done
-- Detecting CXX compiler ABI info
-- Detecting CXX compiler ABI info - done
-- Check for working CXX compiler: /usr/bin/c++ - skipped
-- Detecting CXX compile features
-- Detecting CXX compile features - done
-- Found ament_cmake: 2.5.3 (/opt/ros/jazzy/share/ament_cmake/cmake)
-- Found Python3: /usr/bin/python3 (found version "3.12.3") found components: Interpreter 
-- Found rclcpp: 28.1.6 (/opt/ros/jazzy/share/rclcpp/cmake)
-- Found rosidl_generator_c: 4.6.5 (/opt/ros/jazzy/share/rosidl_generator_c/cmake)
-- Found rosidl_generator_cpp: 4.6.5 (/opt/ros/jazzy/share/rosidl_generator_cpp/cmake)
-- Using all available rosidl_typesupport_c: rosidl_typesupport_fastrtps_c;rosidl_typesupport_introspection_c
-- Using all available rosidl_typesupport_cpp: rosidl_typesupport_fastrtps_cpp;rosidl_typesupport_introspection_cpp
-- Found rmw_implementation_cmake: 7.3.1 (/opt/ros/jazzy/share/rmw_implementation_cmake/cmake)
-- Found rmw_fastrtps_cpp: 8.4.1 (/opt/ros/jazzy/share/rmw_fastrtps_cpp/cmake)
-- Found OpenSSL: /usr/lib/aarch64-linux-gnu/libcrypto.so (found version "3.0.13")  
-- Found FastRTPS: /opt/ros/jazzy/include (Required is at least version "2.13") 
-- Using RMW implementation 'rmw_fastrtps_cpp' as default
-- Found sensor_msgs: 5.3.5 (/opt/ros/jazzy/share/sensor_msgs/cmake)
-- Found ament_cmake_gmock: 2.5.3 (/opt/ros/jazzy/share/ament_cmake_gmock/cmake)
-- Found ament_cmake_gtest: 2.5.3 (/opt/ros/jazzy/share/ament_cmake_gtest/cmake)
-- Found gmock sources under '/opt/ros/jazzy/src/gmock_vendor': C++ tests using 'Google Mock' will be built
-- Found gtest sources under '/opt/ros/jazzy/src/gtest_vendor': C++ tests using 'Google Test' will be built
-- Configuring done (2.6s)
-- Generating done (0.0s)
-- Build files have been written to: /home/viking/hunker/sw/ros_ws/build/bno08x_ros2_driver
[  6%] [32mBuilding CXX object gmock/CMakeFiles/gmock.dir/opt/ros/jazzy/src/gtest_vendor/src/gtest-all.cc.o[0m
[ 12%] [32mBuilding C object include/sh2/CMakeFiles/sh2_library.dir/sh2.c.o[0m
[ 18%] [32mBuilding C object include/sh2/CMakeFiles/sh2_library.dir/sh2_SensorValue.c.o[0m
[ 25%] [32mBuilding CXX object gmock/CMakeFiles/gmock_main.dir/src/gmock_main.cc.o[0m
[ 31%] [32mBuilding C object include/sh2/CMakeFiles/sh2_library.dir/sh2_util.c.o[0m
[ 37%] [32mBuilding C object include/sh2/CMakeFiles/sh2_library.dir/shtp.c.o[0m
[ 43%] [32mBuilding CXX object gmock/CMakeFiles/gmock.dir/src/gmock-all.cc.o[0m
[ 50%] [32m[1mLinking C static library libsh2_library.a[0m
[ 50%] Built target sh2_library
[ 56%] [32mBuilding CXX object CMakeFiles/bno08x_driver.dir/src/bno08x.cpp.o[0m
[ 62%] [32mBuilding CXX object CMakeFiles/bno08x_driver.dir/src/bno08x_ros.cpp.o[0m
[ 68%] [32m[1mLinking CXX static library libgmock_main.a[0m
[ 68%] Built target gmock_main
[ 75%] [32mBuilding CXX object CMakeFiles/bno08x_driver.dir/src/ros_node.cpp.o[0m
[ 81%] [32m[1mLinking CXX static library libgmock.a[0m
[ 81%] Built target gmock
[ 87%] [32mBuilding CXX object CMakeFiles/test_i2c_mock.dir/test/i2c_interface_mock_test.cpp.o[0m
[ 93%] [32m[1mLinking CXX executable test_i2c_mock[0m
[100%] [32m[1mLinking CXX executable bno08x_driver[0m
[100%] Built target test_i2c_mock
[100%] Built target bno08x_driver
-- Install configuration: ""
-- Installing: /home/viking/hunker/sw/ros_ws/install/bno08x_ros2_driver/lib/bno08x_ros2_driver/bno08x_driver
-- Set non-toolchain portion of runtime path of "/home/viking/hunker/sw/ros_ws/install/bno08x_ros2_driver/lib/bno08x_ros2_driver/bno08x_driver" to ""
-- Installing: /home/viking/hunker/sw/ros_ws/install/bno08x_ros2_driver/share/bno08x_ros2_driver/config
-- Installing: /home/viking/hunker/sw/ros_ws/install/bno08x_ros2_driver/share/bno08x_ros2_driver/config/bno085_i2c.yaml
-- Installing: /home/viking/hunker/sw/ros_ws/install/bno08x_ros2_driver/share/bno08x_ros2_driver/config/bno085_uart.yaml
-- Installing: /home/viking/hunker/sw/ros_ws/install/bno08x_ros2_driver/share/bno08x_ros2_driver/launch
-- Installing: /home/viking/hunker/sw/ros_ws/install/bno08x_ros2_driver/share/bno08x_ros2_driver/launch/bno085_i2c.launch.py
-- Installing: /home/viking/hunker/sw/ros_ws/install/bno08x_ros2_driver/share/bno08x_ros2_driver/launch/bno085_uart.launch.py
-- Installing: /home/viking/hunker/sw/ros_ws/install/bno08x_ros2_driver/share/ament_index/resource_index/package_run_dependencies/bno08x_ros2_driver
-- Installing: /home/viking/hunker/sw/ros_ws/install/bno08x_ros2_driver/share/ament_index/resource_index/parent_prefix_path/bno08x_ros2_driver
-- Installing: /home/viking/hunker/sw/ros_ws/install/bno08x_ros2_driver/share/bno08x_ros2_driver/environment/ament_prefix_path.sh
-- Installing: /home/viking/hunker/sw/ros_ws/install/bno08x_ros2_driver/share/bno08x_ros2_driver/environment/ament_prefix_path.dsv
-- Installing: /home/viking/hunker/sw/ros_ws/install/bno08x_ros2_driver/share/bno08x_ros2_driver/environment/path.sh
-- Installing: /home/viking/hunker/sw/ros_ws/install/bno08x_ros2_driver/share/bno08x_ros2_driver/environment/path.dsv
-- Installing: /home/viking/hunker/sw/ros_ws/install/bno08x_ros2_driver/share/bno08x_ros2_driver/local_setup.bash
-- Installing: /home/viking/hunker/sw/ros_ws/install/bno08x_ros2_driver/share/bno08x_ros2_driver/local_setup.sh
-- Installing: /home/viking/hunker/sw/ros_ws/install/bno08x_ros2_driver/share/bno08x_ros2_driver/local_setup.zsh
-- Installing: /home/viking/hunker/sw/ros_ws/install/bno08x_ros2_driver/share/bno08x_ros2_driver/local_setup.dsv
-- Installing: /home/viking/hunker/sw/ros_ws/install/bno08x_ros2_driver/share/bno08x_ros2_driver/package.dsv
-- Installing: /home/viking/hunker/sw/ros_ws/install/bno08x_ros2_driver/share/ament_index/resource_index/packages/bno08x_ros2_driver
-- Installing: /home/viking/hunker/sw/ros_ws/install/bno08x_ros2_driver/share/bno08x_ros2_driver/cmake/bno08x_ros2_driverConfig.cmake
-- Installing: /home/viking/hunker/sw/ros_ws/install/bno08x_ros2_driver/share/bno08x_ros2_driver/cmake/bno08x_ros2_driverConfig-version.cmake
-- Installing: /home/viking/hunker/sw/ros_ws/install/bno08x_ros2_driver/share/bno08x_ros2_driver/package.xml
