[0.814s] DEBUG:colcon:Command line arguments: ['/usr/bin/colcon', 'build', '--packages-select', 'bno08x_ros2_driver']
[0.814s] DEBUG:colcon:Parsed command line arguments: Namespace(log_base=None, log_level=None, verb_name='build', build_base='build', install_base='install', merge_install=False, symlink_install=False, test_result_base=None, continue_on_error=False, executor='parallel', parallel_workers=4, event_handlers=None, ignore_user_meta=False, metas=['./colcon.meta'], base_paths=['.'], packages_ignore=None, packages_ignore_regex=None, paths=None, packages_up_to=None, packages_up_to_regex=None, packages_above=None, packages_above_and_dependencies=None, packages_above_depth=None, packages_select_by_dep=None, packages_skip_by_dep=None, packages_skip_up_to=None, packages_select_build_failed=False, packages_skip_build_finished=False, packages_select_test_failures=False, packages_skip_test_passed=False, packages_select=['bno08x_ros2_driver'], packages_skip=None, packages_select_regex=None, packages_skip_regex=None, packages_start=None, packages_end=None, allow_overriding=[], cmake_args=None, cmake_target=None, cmake_target_skip_unavailable=False, cmake_clean_cache=False, cmake_clean_first=False, cmake_force_configure=False, ament_cmake_args=None, catkin_cmake_args=None, catkin_skip_building_tests=False, mixin_files=None, mixin=None, verb_parser=<colcon_mixin.mixin.mixin_argument.MixinArgumentDecorator object at 0xffffb4628440>, verb_extension=<colcon_core.verb.build.BuildVerb object at 0xffffb4628140>, main=<bound method BuildVerb.main of <colcon_core.verb.build.BuildVerb object at 0xffffb4628140>>, mixin_verb=('build',))
[0.954s] Level 1:colcon.colcon_core.package_discovery:discover_packages(colcon_meta) check parameters
[0.954s] Level 1:colcon.colcon_core.package_discovery:discover_packages(recursive) check parameters
[0.954s] Level 1:colcon.colcon_core.package_discovery:discover_packages(ignore) check parameters
[0.954s] Level 1:colcon.colcon_core.package_discovery:discover_packages(path) check parameters
[0.954s] Level 1:colcon.colcon_core.package_discovery:discover_packages(colcon_meta) discover
[0.954s] Level 1:colcon.colcon_core.package_discovery:discover_packages(recursive) discover
[0.954s] INFO:colcon.colcon_core.package_discovery:Crawling recursively for packages in '/home/viking/hunker/sw/ros_ws'
[0.954s] Level 1:colcon.colcon_core.package_identification:_identify(.) by extensions ['ignore', 'ignore_ament_install']
[0.955s] Level 1:colcon.colcon_core.package_identification:_identify(.) by extension 'ignore'
[0.955s] Level 1:colcon.colcon_core.package_identification:_identify(.) by extension 'ignore_ament_install'
[0.955s] Level 1:colcon.colcon_core.package_identification:_identify(.) by extensions ['colcon_pkg']
[0.955s] Level 1:colcon.colcon_core.package_identification:_identify(.) by extension 'colcon_pkg'
[0.955s] Level 1:colcon.colcon_core.package_identification:_identify(.) by extensions ['colcon_meta']
[0.955s] Level 1:colcon.colcon_core.package_identification:_identify(.) by extension 'colcon_meta'
[0.955s] Level 1:colcon.colcon_core.package_identification:_identify(.) by extensions ['ros']
[0.955s] Level 1:colcon.colcon_core.package_identification:_identify(.) by extension 'ros'
[0.999s] Level 1:colcon.colcon_core.package_identification:_identify(.) by extensions ['cmake', 'python']
[0.999s] Level 1:colcon.colcon_core.package_identification:_identify(.) by extension 'cmake'
[0.999s] Level 1:colcon.colcon_core.package_identification:_identify(.) by extension 'python'
[0.999s] Level 1:colcon.colcon_core.package_identification:_identify(.) by extensions ['python_setup_py']
[0.999s] Level 1:colcon.colcon_core.package_identification:_identify(.) by extension 'python_setup_py'
[0.999s] Level 1:colcon.colcon_core.package_identification:_identify(build) by extensions ['ignore', 'ignore_ament_install']
[1.000s] Level 1:colcon.colcon_core.package_identification:_identify(build) by extension 'ignore'
[1.000s] Level 1:colcon.colcon_core.package_identification:_identify(build) ignored
[1.000s] Level 1:colcon.colcon_core.package_identification:_identify(install) by extensions ['ignore', 'ignore_ament_install']
[1.000s] Level 1:colcon.colcon_core.package_identification:_identify(install) by extension 'ignore'
[1.000s] Level 1:colcon.colcon_core.package_identification:_identify(install) ignored
[1.001s] Level 1:colcon.colcon_core.package_identification:_identify(log) by extensions ['ignore', 'ignore_ament_install']
[1.001s] Level 1:colcon.colcon_core.package_identification:_identify(log) by extension 'ignore'
[1.001s] Level 1:colcon.colcon_core.package_identification:_identify(log) ignored
[1.001s] Level 1:colcon.colcon_core.package_identification:_identify(src) by extensions ['ignore', 'ignore_ament_install']
[1.001s] Level 1:colcon.colcon_core.package_identification:_identify(src) by extension 'ignore'
[1.001s] Level 1:colcon.colcon_core.package_identification:_identify(src) by extension 'ignore_ament_install'
[1.001s] Level 1:colcon.colcon_core.package_identification:_identify(src) by extensions ['colcon_pkg']
[1.001s] Level 1:colcon.colcon_core.package_identification:_identify(src) by extension 'colcon_pkg'
[1.001s] Level 1:colcon.colcon_core.package_identification:_identify(src) by extensions ['colcon_meta']
[1.001s] Level 1:colcon.colcon_core.package_identification:_identify(src) by extension 'colcon_meta'
[1.001s] Level 1:colcon.colcon_core.package_identification:_identify(src) by extensions ['ros']
[1.001s] Level 1:colcon.colcon_core.package_identification:_identify(src) by extension 'ros'
[1.001s] Level 1:colcon.colcon_core.package_identification:_identify(src) by extensions ['cmake', 'python']
[1.001s] Level 1:colcon.colcon_core.package_identification:_identify(src) by extension 'cmake'
[1.001s] Level 1:colcon.colcon_core.package_identification:_identify(src) by extension 'python'
[1.002s] Level 1:colcon.colcon_core.package_identification:_identify(src) by extensions ['python_setup_py']
[1.002s] Level 1:colcon.colcon_core.package_identification:_identify(src) by extension 'python_setup_py'
[1.002s] Level 1:colcon.colcon_core.package_identification:_identify(src/bno08x_ros2_driver) by extensions ['ignore', 'ignore_ament_install']
[1.002s] Level 1:colcon.colcon_core.package_identification:_identify(src/bno08x_ros2_driver) by extension 'ignore'
[1.002s] Level 1:colcon.colcon_core.package_identification:_identify(src/bno08x_ros2_driver) by extension 'ignore_ament_install'
[1.002s] Level 1:colcon.colcon_core.package_identification:_identify(src/bno08x_ros2_driver) by extensions ['colcon_pkg']
[1.002s] Level 1:colcon.colcon_core.package_identification:_identify(src/bno08x_ros2_driver) by extension 'colcon_pkg'
[1.002s] Level 1:colcon.colcon_core.package_identification:_identify(src/bno08x_ros2_driver) by extensions ['colcon_meta']
[1.002s] Level 1:colcon.colcon_core.package_identification:_identify(src/bno08x_ros2_driver) by extension 'colcon_meta'
[1.002s] Level 1:colcon.colcon_core.package_identification:_identify(src/bno08x_ros2_driver) by extensions ['ros']
[1.002s] Level 1:colcon.colcon_core.package_identification:_identify(src/bno08x_ros2_driver) by extension 'ros'
[1.006s] DEBUG:colcon.colcon_core.package_identification:Package 'src/bno08x_ros2_driver' with type 'ros.ament_cmake' and name 'bno08x_ros2_driver'
[1.006s] Level 1:colcon.colcon_core.package_discovery:discover_packages(recursive) using defaults
[1.006s] Level 1:colcon.colcon_core.package_discovery:discover_packages(ignore) discover
[1.006s] Level 1:colcon.colcon_core.package_discovery:discover_packages(ignore) using defaults
[1.006s] Level 1:colcon.colcon_core.package_discovery:discover_packages(path) discover
[1.006s] Level 1:colcon.colcon_core.package_discovery:discover_packages(path) using defaults
[1.057s] Level 1:colcon.colcon_core.package_discovery:discover_packages(prefix_path) check parameters
[1.057s] Level 1:colcon.colcon_core.package_discovery:discover_packages(prefix_path) discover
[1.065s] DEBUG:colcon.colcon_installed_package_information.package_discovery:Found 318 installed packages in /opt/ros/jazzy
[1.068s] Level 1:colcon.colcon_core.package_discovery:discover_packages(prefix_path) using defaults
[1.150s] Level 5:colcon.colcon_core.verb:set package 'bno08x_ros2_driver' build argument 'cmake_args' from command line to 'None'
[1.151s] Level 5:colcon.colcon_core.verb:set package 'bno08x_ros2_driver' build argument 'cmake_target' from command line to 'None'
[1.151s] Level 5:colcon.colcon_core.verb:set package 'bno08x_ros2_driver' build argument 'cmake_target_skip_unavailable' from command line to 'False'
[1.151s] Level 5:colcon.colcon_core.verb:set package 'bno08x_ros2_driver' build argument 'cmake_clean_cache' from command line to 'False'
[1.151s] Level 5:colcon.colcon_core.verb:set package 'bno08x_ros2_driver' build argument 'cmake_clean_first' from command line to 'False'
[1.151s] Level 5:colcon.colcon_core.verb:set package 'bno08x_ros2_driver' build argument 'cmake_force_configure' from command line to 'False'
[1.151s] Level 5:colcon.colcon_core.verb:set package 'bno08x_ros2_driver' build argument 'ament_cmake_args' from command line to 'None'
[1.151s] Level 5:colcon.colcon_core.verb:set package 'bno08x_ros2_driver' build argument 'catkin_cmake_args' from command line to 'None'
[1.151s] Level 5:colcon.colcon_core.verb:set package 'bno08x_ros2_driver' build argument 'catkin_skip_building_tests' from command line to 'False'
[1.151s] DEBUG:colcon.colcon_core.verb:Building package 'bno08x_ros2_driver' with the following arguments: {'ament_cmake_args': None, 'build_base': '/home/viking/hunker/sw/ros_ws/build/bno08x_ros2_driver', 'catkin_cmake_args': None, 'catkin_skip_building_tests': False, 'cmake_args': None, 'cmake_clean_cache': False, 'cmake_clean_first': False, 'cmake_force_configure': False, 'cmake_target': None, 'cmake_target_skip_unavailable': False, 'install_base': '/home/viking/hunker/sw/ros_ws/install/bno08x_ros2_driver', 'merge_install': False, 'path': '/home/viking/hunker/sw/ros_ws/src/bno08x_ros2_driver', 'symlink_install': False, 'test_result_base': None}
[1.151s] INFO:colcon.colcon_core.executor:Executing jobs using 'parallel' executor
[1.153s] DEBUG:colcon.colcon_parallel_executor.executor.parallel:run_until_complete
[1.153s] INFO:colcon.colcon_ros.task.ament_cmake.build:Building ROS package in '/home/viking/hunker/sw/ros_ws/src/bno08x_ros2_driver' with build type 'ament_cmake'
[1.154s] INFO:colcon.colcon_cmake.task.cmake.build:Building CMake package in '/home/viking/hunker/sw/ros_ws/src/bno08x_ros2_driver'
[1.168s] INFO:colcon.colcon_core.plugin_system:Skipping extension 'colcon_core.shell.bat': Not used on non-Windows systems
[1.168s] INFO:colcon.colcon_core.shell:Skip shell extension 'powershell' for command environment: Not usable outside of PowerShell
[1.168s] DEBUG:colcon.colcon_core.shell:Skip shell extension 'dsv' for command environment
[1.182s] DEBUG:colcon.colcon_core.event_handler.log_command:Invoking command in '/home/viking/hunker/sw/ros_ws/build/bno08x_ros2_driver': CMAKE_PREFIX_PATH=${CMAKE_PREFIX_PATH}:/opt/ros/jazzy DEBUGINFOD_URLS=https://debuginfod.ubuntu.com /usr/bin/cmake /home/viking/hunker/sw/ros_ws/src/bno08x_ros2_driver -DCMAKE_INSTALL_PREFIX=/home/viking/hunker/sw/ros_ws/install/bno08x_ros2_driver
[3.877s] DEBUG:colcon.colcon_core.event_handler.log_command:Invoked command in '/home/viking/hunker/sw/ros_ws/build/bno08x_ros2_driver' returned '0': CMAKE_PREFIX_PATH=${CMAKE_PREFIX_PATH}:/opt/ros/jazzy DEBUGINFOD_URLS=https://debuginfod.ubuntu.com /usr/bin/cmake /home/viking/hunker/sw/ros_ws/src/bno08x_ros2_driver -DCMAKE_INSTALL_PREFIX=/home/viking/hunker/sw/ros_ws/install/bno08x_ros2_driver
[3.880s] DEBUG:colcon.colcon_core.event_handler.log_command:Invoking command in '/home/viking/hunker/sw/ros_ws/build/bno08x_ros2_driver': CMAKE_PREFIX_PATH=${CMAKE_PREFIX_PATH}:/opt/ros/jazzy DEBUGINFOD_URLS=https://debuginfod.ubuntu.com /usr/bin/cmake --build /home/viking/hunker/sw/ros_ws/build/bno08x_ros2_driver -- -j4 -l4
[22.903s] DEBUG:colcon.colcon_core.event_handler.log_command:Invoked command in '/home/viking/hunker/sw/ros_ws/build/bno08x_ros2_driver' returned '0': CMAKE_PREFIX_PATH=${CMAKE_PREFIX_PATH}:/opt/ros/jazzy DEBUGINFOD_URLS=https://debuginfod.ubuntu.com /usr/bin/cmake --build /home/viking/hunker/sw/ros_ws/build/bno08x_ros2_driver -- -j4 -l4
[22.921s] DEBUG:colcon.colcon_core.event_handler.log_command:Invoking command in '/home/viking/hunker/sw/ros_ws/build/bno08x_ros2_driver': CMAKE_PREFIX_PATH=${CMAKE_PREFIX_PATH}:/opt/ros/jazzy DEBUGINFOD_URLS=https://debuginfod.ubuntu.com /usr/bin/cmake --install /home/viking/hunker/sw/ros_ws/build/bno08x_ros2_driver
[22.947s] Level 1:colcon.colcon_core.environment:create_environment_scripts_only(bno08x_ros2_driver)
[22.948s] DEBUG:colcon.colcon_core.event_handler.log_command:Invoked command in '/home/viking/hunker/sw/ros_ws/build/bno08x_ros2_driver' returned '0': CMAKE_PREFIX_PATH=${CMAKE_PREFIX_PATH}:/opt/ros/jazzy DEBUGINFOD_URLS=https://debuginfod.ubuntu.com /usr/bin/cmake --install /home/viking/hunker/sw/ros_ws/build/bno08x_ros2_driver
[22.961s] Level 1:colcon.colcon_core.environment:checking '/home/viking/hunker/sw/ros_ws/install/bno08x_ros2_driver' for CMake module files
[22.962s] Level 1:colcon.colcon_core.environment:checking '/home/viking/hunker/sw/ros_ws/install/bno08x_ros2_driver' for CMake config files
[22.962s] Level 1:colcon.colcon_core.shell:create_environment_hook('bno08x_ros2_driver', 'cmake_prefix_path')
[22.963s] INFO:colcon.colcon_core.shell:Creating environment hook '/home/viking/hunker/sw/ros_ws/install/bno08x_ros2_driver/share/bno08x_ros2_driver/hook/cmake_prefix_path.ps1'
[22.965s] INFO:colcon.colcon_core.shell:Creating environment descriptor '/home/viking/hunker/sw/ros_ws/install/bno08x_ros2_driver/share/bno08x_ros2_driver/hook/cmake_prefix_path.dsv'
[22.966s] INFO:colcon.colcon_core.shell:Creating environment hook '/home/viking/hunker/sw/ros_ws/install/bno08x_ros2_driver/share/bno08x_ros2_driver/hook/cmake_prefix_path.sh'
[22.967s] Level 1:colcon.colcon_core.environment:checking '/home/viking/hunker/sw/ros_ws/install/bno08x_ros2_driver/lib'
[22.967s] Level 1:colcon.colcon_core.environment:checking '/home/viking/hunker/sw/ros_ws/install/bno08x_ros2_driver/bin'
[22.967s] Level 1:colcon.colcon_core.environment:checking '/home/viking/hunker/sw/ros_ws/install/bno08x_ros2_driver/lib/pkgconfig/bno08x_ros2_driver.pc'
[22.968s] Level 1:colcon.colcon_core.environment:checking '/home/viking/hunker/sw/ros_ws/install/bno08x_ros2_driver/lib/python3.12/site-packages'
[22.968s] Level 1:colcon.colcon_core.environment:checking '/home/viking/hunker/sw/ros_ws/install/bno08x_ros2_driver/bin'
[22.968s] INFO:colcon.colcon_core.shell:Creating package script '/home/viking/hunker/sw/ros_ws/install/bno08x_ros2_driver/share/bno08x_ros2_driver/package.ps1'
[22.969s] INFO:colcon.colcon_core.shell:Creating package descriptor '/home/viking/hunker/sw/ros_ws/install/bno08x_ros2_driver/share/bno08x_ros2_driver/package.dsv'
[22.970s] INFO:colcon.colcon_core.shell:Creating package script '/home/viking/hunker/sw/ros_ws/install/bno08x_ros2_driver/share/bno08x_ros2_driver/package.sh'
[22.972s] INFO:colcon.colcon_core.shell:Creating package script '/home/viking/hunker/sw/ros_ws/install/bno08x_ros2_driver/share/bno08x_ros2_driver/package.bash'
[22.974s] INFO:colcon.colcon_core.shell:Creating package script '/home/viking/hunker/sw/ros_ws/install/bno08x_ros2_driver/share/bno08x_ros2_driver/package.zsh'
[22.975s] Level 1:colcon.colcon_core.environment:create_file_with_runtime_dependencies(/home/viking/hunker/sw/ros_ws/install/bno08x_ros2_driver/share/colcon-core/packages/bno08x_ros2_driver)
[22.976s] Level 1:colcon.colcon_core.environment:create_environment_scripts_only(bno08x_ros2_driver)
[22.977s] Level 1:colcon.colcon_core.environment:checking '/home/viking/hunker/sw/ros_ws/install/bno08x_ros2_driver' for CMake module files
[22.977s] Level 1:colcon.colcon_core.environment:checking '/home/viking/hunker/sw/ros_ws/install/bno08x_ros2_driver' for CMake config files
[22.978s] Level 1:colcon.colcon_core.shell:create_environment_hook('bno08x_ros2_driver', 'cmake_prefix_path')
[22.978s] INFO:colcon.colcon_core.shell:Creating environment hook '/home/viking/hunker/sw/ros_ws/install/bno08x_ros2_driver/share/bno08x_ros2_driver/hook/cmake_prefix_path.ps1'
[22.978s] INFO:colcon.colcon_core.shell:Creating environment descriptor '/home/viking/hunker/sw/ros_ws/install/bno08x_ros2_driver/share/bno08x_ros2_driver/hook/cmake_prefix_path.dsv'
[22.979s] INFO:colcon.colcon_core.shell:Creating environment hook '/home/viking/hunker/sw/ros_ws/install/bno08x_ros2_driver/share/bno08x_ros2_driver/hook/cmake_prefix_path.sh'
[22.980s] Level 1:colcon.colcon_core.environment:checking '/home/viking/hunker/sw/ros_ws/install/bno08x_ros2_driver/lib'
[22.980s] Level 1:colcon.colcon_core.environment:checking '/home/viking/hunker/sw/ros_ws/install/bno08x_ros2_driver/bin'
[22.980s] Level 1:colcon.colcon_core.environment:checking '/home/viking/hunker/sw/ros_ws/install/bno08x_ros2_driver/lib/pkgconfig/bno08x_ros2_driver.pc'
[22.981s] Level 1:colcon.colcon_core.environment:checking '/home/viking/hunker/sw/ros_ws/install/bno08x_ros2_driver/lib/python3.12/site-packages'
[22.981s] Level 1:colcon.colcon_core.environment:checking '/home/viking/hunker/sw/ros_ws/install/bno08x_ros2_driver/bin'
[22.981s] INFO:colcon.colcon_core.shell:Creating package script '/home/viking/hunker/sw/ros_ws/install/bno08x_ros2_driver/share/bno08x_ros2_driver/package.ps1'
[22.982s] INFO:colcon.colcon_core.shell:Creating package descriptor '/home/viking/hunker/sw/ros_ws/install/bno08x_ros2_driver/share/bno08x_ros2_driver/package.dsv'
[22.983s] INFO:colcon.colcon_core.shell:Creating package script '/home/viking/hunker/sw/ros_ws/install/bno08x_ros2_driver/share/bno08x_ros2_driver/package.sh'
[22.984s] INFO:colcon.colcon_core.shell:Creating package script '/home/viking/hunker/sw/ros_ws/install/bno08x_ros2_driver/share/bno08x_ros2_driver/package.bash'
[22.985s] INFO:colcon.colcon_core.shell:Creating package script '/home/viking/hunker/sw/ros_ws/install/bno08x_ros2_driver/share/bno08x_ros2_driver/package.zsh'
[22.985s] Level 1:colcon.colcon_core.environment:create_file_with_runtime_dependencies(/home/viking/hunker/sw/ros_ws/install/bno08x_ros2_driver/share/colcon-core/packages/bno08x_ros2_driver)
[22.986s] DEBUG:colcon.colcon_parallel_executor.executor.parallel:closing loop
[22.987s] DEBUG:colcon.colcon_parallel_executor.executor.parallel:loop closed
[22.987s] DEBUG:colcon.colcon_parallel_executor.executor.parallel:run_until_complete finished with '0'
[22.987s] DEBUG:colcon.colcon_core.event_reactor:joining thread
[22.997s] INFO:colcon.colcon_core.plugin_system:Skipping extension 'colcon_notification.desktop_notification.terminal_notifier': Not used on non-Darwin systems
[22.997s] INFO:colcon.colcon_core.plugin_system:Skipping extension 'colcon_notification.desktop_notification.win32': Not used on non-Windows systems
[22.998s] INFO:colcon.colcon_notification.desktop_notification:Sending desktop notification using 'notify2'
[22.999s] DEBUG:colcon.colcon_notification.desktop_notification.notify2:Failed to initialize notify2: org.freedesktop.DBus.Error.ServiceUnknown: The name org.freedesktop.Notifications was not provided by any .service files
[22.999s] DEBUG:colcon.colcon_core.event_reactor:joined thread
[23.000s] INFO:colcon.colcon_core.shell:Creating prefix script '/home/viking/hunker/sw/ros_ws/install/local_setup.ps1'
[23.003s] INFO:colcon.colcon_core.shell:Creating prefix util module '/home/viking/hunker/sw/ros_ws/install/_local_setup_util_ps1.py'
[23.005s] INFO:colcon.colcon_core.shell:Creating prefix chain script '/home/viking/hunker/sw/ros_ws/install/setup.ps1'
[23.007s] INFO:colcon.colcon_core.shell:Creating prefix script '/home/viking/hunker/sw/ros_ws/install/local_setup.sh'
[23.008s] INFO:colcon.colcon_core.shell:Creating prefix util module '/home/viking/hunker/sw/ros_ws/install/_local_setup_util_sh.py'
[23.009s] INFO:colcon.colcon_core.shell:Creating prefix chain script '/home/viking/hunker/sw/ros_ws/install/setup.sh'
[23.010s] INFO:colcon.colcon_core.shell:Creating prefix script '/home/viking/hunker/sw/ros_ws/install/local_setup.bash'
[23.011s] INFO:colcon.colcon_core.shell:Creating prefix chain script '/home/viking/hunker/sw/ros_ws/install/setup.bash'
[23.012s] INFO:colcon.colcon_core.shell:Creating prefix script '/home/viking/hunker/sw/ros_ws/install/local_setup.zsh'
[23.013s] INFO:colcon.colcon_core.shell:Creating prefix chain script '/home/viking/hunker/sw/ros_ws/install/setup.zsh'
